<?xml version="1.0" encoding="UTF-8"?>
<!-- Generated by org.testng.reporters.JUnitReportReporter -->
<testsuite hostname="DESKTOP-J3U454V" failures="0" tests="3" name="com.bigbasket.BigBasket" time="31.222" errors="0" timestamp="2024-08-09T10:03:55 IST" skipped="0">
  <testcase classname="com.bigbasket.BigBasket" name="browser_launch" time="8.545"/>
  <testcase classname="com.bigbasket.BigBasket" name="search_product" time="4.456"/>
  <testcase classname="com.bigbasket.BigBasket" name="close" time="18.221"/>
</testsuite> <!-- com.bigbasket.BigBasket -->
